# JRE version: Java(TM) SE Runtime Environment (11.0.5+10) (build 11.0.5+10-LTS)
# Java VM: Java HotSpot(TM) 64-Bit Server VM (11.0.5+10-LTS, mixed mode, tiered, compressed oops, g1 gc, linux-amd64)
Heap:
 garbage-first heap   total 184320K, used 29937K [0x00000000e1400000, 0x0000000100000000)
  region size 1024K, 6 young (6144K), 6 survivors (6144K)
 Metaspace       used 41742K, capacity 42991K, committed 43052K, reserved 1087488K
  class space    used 5224K, capacity 5723K, committed 5760K, reserved 1048576K
GC Heap History (10 events):
Event: 3.944 GC heap after
{Heap after GC invocations=15 (full 0):
 garbage-first heap   total 117760K, used 20244K [0x00000000e1400000, 0x0000000100000000)
  region size 1024K, 3 young (3072K), 3 survivors (3072K)
 Metaspace       used 34307K, capacity 35280K, committed 35456K, reserved 1079296K
  class space    used 4284K, capacity 4677K, committed 4736K, reserved 1048576K
}
Event: 4.012 GC heap before
{Heap before GC invocations=15 (full 0):
 garbage-first heap   total 117760K, used 26388K [0x00000000e1400000, 0x0000000100000000)
  region size 1024K, 10 young (10240K), 3 survivors (3072K)
 Metaspace       used 34492K, capacity 35420K, committed 35628K, reserved 1081344K
  class space    used 4302K, capacity 4679K, committed 4736K, reserved 1048576K
}
Event: 4.018 GC heap after
{Heap after GC invocations=16 (full 0):
 garbage-first heap   total 117760K, used 20357K [0x00000000e1400000, 0x0000000100000000)
  region size 1024K, 3 young (3072K), 3 survivors (3072K)
 Metaspace       used 34492K, capacity 35420K, committed 35628K, reserved 1081344K
  class space    used 4302K, capacity 4679K, committed 4736K, reserved 1048576K
}
Event: 4.560 GC heap before
{Heap before GC invocations=17 (full 0):
 garbage-first heap   total 117760K, used 62341K [0x00000000e1400000, 0x0000000100000000)
  region size 1024K, 44 young (45056K), 3 survivors (3072K)
 Metaspace       used 35993K, capacity 36941K, committed 37036K, reserved 1081344K
  class space    used 4477K, capacity 4854K, committed 4864K, reserved 1048576K
}
Event: 4.583 GC heap after
{Heap after GC invocations=18 (full 0):
 garbage-first heap   total 117760K, used 22686K [0x00000000e1400000, 0x0000000100000000)
  region size 1024K, 6 young (6144K), 6 survivors (6144K)
 Metaspace       used 35993K, capacity 36941K, committed 37036K, reserved 1081344K
  class space    used 4477K, capacity 4854K, committed 4864K, reserved 1048576K
}
Event: 5.189 GC heap before
{Heap before GC invocations=18 (full 0):
 garbage-first heap   total 117760K, used 68766K [0x00000000e1400000, 0x0000000100000000)
  region size 1024K, 51 young (52224K), 6 survivors (6144K)
 Metaspace       used 38410K, capacity 39457K, committed 39724K, reserved 1083392K
  class space    used 4739K, capacity 5159K, committed 5248K, reserved 1048576K
}
Event: 5.260 GC heap after
{Heap after GC invocations=19 (full 0):
 garbage-first heap   total 117760K, used 24494K [0x00000000e1400000, 0x0000000100000000)
  region size 1024K, 6 young (6144K), 6 survivors (6144K)
 Metaspace       used 38410K, capacity 39457K, committed 39724K, reserved 1083392K
  class space    used 4739K, capacity 5159K, committed 5248K, reserved 1048576K
}
Event: 6.456 GC heap before
{Heap before GC invocations=19 (full 0):
 garbage-first heap   total 117760K, used 79790K [0x00000000e1400000, 0x0000000100000000)
  region size 1024K, 61 young (62464K), 6 survivors (6144K)
 Metaspace       used 40331K, capacity 41507K, committed 41772K, reserved 1085440K
  class space    used 5026K, capacity 5467K, committed 5504K, reserved 1048576K
}
Event: 6.525 GC heap after
{Heap after GC invocations=20 (full 0):
 garbage-first heap   total 117760K, used 27295K [0x00000000e1400000, 0x0000000100000000)
  region size 1024K, 5 young (5120K), 5 survivors (5120K)
 Metaspace       used 40331K, capacity 41507K, committed 41772K, reserved 1085440K
  class space    used 5026K, capacity 5467K, committed 5504K, reserved 1048576K
}
Event: 8.436 GC heap before
{Heap before GC invocations=20 (full 0):
 garbage-first heap   total 117760K, used 83615K [0x00000000e1400000, 0x0000000100000000)
  region size 1024K, 60 young (61440K), 5 survivors (5120K)
 Metaspace       used 41742K, capacity 42991K, committed 43052K, reserved 1087488K
  class space    used 5224K, capacity 5723K, committed 5760K, reserved 1048576K
}

